Determining if the function crc32c_value exists in the crc32c failed with the following output:
Change Dir: /home/craboyang/code/leveldb-1.22/cmake-build-debug/CMakeFiles/CMakeTmp

Run Build Command:"/usr/bin/make" "cmTC_e43d8/fast"
/usr/bin/make -f CMakeFiles/cmTC_e43d8.dir/build.make CMakeFiles/cmTC_e43d8.dir/build
make[1]: 进入目录“/home/craboyang/code/leveldb-1.22/cmake-build-debug/CMakeFiles/CMakeTmp”
Building C object CMakeFiles/cmTC_e43d8.dir/CheckFunctionExists.c.o
/usr/bin/gcc   -DCHECK_FUNCTION_EXISTS=crc32c_value   -std=c11 -o CMakeFiles/cmTC_e43d8.dir/CheckFunctionExists.c.o   -c /usr/share/cmake-3.12/Modules/CheckFunctionExists.c
Linking C executable cmTC_e43d8
/usr/bin/cmake -E cmake_link_script CMakeFiles/cmTC_e43d8.dir/link.txt --verbose=1
/usr/bin/gcc  -DCHECK_FUNCTION_EXISTS=crc32c_value    CMakeFiles/cmTC_e43d8.dir/CheckFunctionExists.c.o  -o cmTC_e43d8 -lcrc32c 
/usr/bin/ld: 找不到 -lcrc32c
collect2: 错误：ld 返回 1
make[1]: *** [CMakeFiles/cmTC_e43d8.dir/build.make:87：cmTC_e43d8] 错误 1
make[1]: 离开目录“/home/craboyang/code/leveldb-1.22/cmake-build-debug/CMakeFiles/CMakeTmp”
make: *** [Makefile:121：cmTC_e43d8/fast] 错误 2


Determining if the F_FULLFSYNC exist failed with the following output:
Change Dir: /home/craboyang/code/leveldb-1.22/cmake-build-debug/CMakeFiles/CMakeTmp

Run Build Command:"/usr/bin/make" "cmTC_7be91/fast"
/usr/bin/make -f CMakeFiles/cmTC_7be91.dir/build.make CMakeFiles/cmTC_7be91.dir/build
make[1]: 进入目录“/home/craboyang/code/leveldb-1.22/cmake-build-debug/CMakeFiles/CMakeTmp”
Building CXX object CMakeFiles/cmTC_7be91.dir/CheckSymbolExists.cxx.o
/usr/bin/g++    -std=c++11 -o CMakeFiles/cmTC_7be91.dir/CheckSymbolExists.cxx.o -c /home/craboyang/code/leveldb-1.22/cmake-build-debug/CMakeFiles/CMakeTmp/CheckSymbolExists.cxx
/home/craboyang/code/leveldb-1.22/cmake-build-debug/CMakeFiles/CMakeTmp/CheckSymbolExists.cxx: 在函数‘int main(int, char**)’中:
/home/craboyang/code/leveldb-1.22/cmake-build-debug/CMakeFiles/CMakeTmp/CheckSymbolExists.cxx:8:19: 错误：‘F_FULLFSYNC’在此作用域中尚未声明
   return ((int*)(&F_FULLFSYNC))[argc];
                   ^~~~~~~~~~~
/home/craboyang/code/leveldb-1.22/cmake-build-debug/CMakeFiles/CMakeTmp/CheckSymbolExists.cxx:8:19: 附注：suggested alternative: ‘O_FSYNC’
   return ((int*)(&F_FULLFSYNC))[argc];
                   ^~~~~~~~~~~
                   O_FSYNC
make[1]: *** [CMakeFiles/cmTC_7be91.dir/build.make:66：CMakeFiles/cmTC_7be91.dir/CheckSymbolExists.cxx.o] 错误 1
make[1]: 离开目录“/home/craboyang/code/leveldb-1.22/cmake-build-debug/CMakeFiles/CMakeTmp”
make: *** [Makefile:121：cmTC_7be91/fast] 错误 2

File /home/craboyang/code/leveldb-1.22/cmake-build-debug/CMakeFiles/CMakeTmp/CheckSymbolExists.cxx:
/* */
#include <fcntl.h>

int main(int argc, char** argv)
{
  (void)argv;
#ifndef F_FULLFSYNC
  return ((int*)(&F_FULLFSYNC))[argc];
#else
  (void)argc;
  return 0;
#endif
}

Performing C++ SOURCE FILE Test HAVE_CLANG_THREAD_SAFETY failed with the following output:
Change Dir: /home/craboyang/code/leveldb-1.22/cmake-build-debug/CMakeFiles/CMakeTmp

Run Build Command:"/usr/bin/make" "cmTC_59ccf/fast"
/usr/bin/make -f CMakeFiles/cmTC_59ccf.dir/build.make CMakeFiles/cmTC_59ccf.dir/build
make[1]: 进入目录“/home/craboyang/code/leveldb-1.22/cmake-build-debug/CMakeFiles/CMakeTmp”
Building CXX object CMakeFiles/cmTC_59ccf.dir/src.cxx.o
/usr/bin/g++    -DHAVE_CLANG_THREAD_SAFETY -Werror   -std=c++11 -o CMakeFiles/cmTC_59ccf.dir/src.cxx.o -c /home/craboyang/code/leveldb-1.22/cmake-build-debug/CMakeFiles/CMakeTmp/src.cxx
/home/craboyang/code/leveldb-1.22/cmake-build-debug/CMakeFiles/CMakeTmp/src.cxx:2:34: 错误：‘lockable’属性指定被忽略 [-Werror=attributes]
 struct __attribute__((lockable)) Lock {
                                  ^~~~
/home/craboyang/code/leveldb-1.22/cmake-build-debug/CMakeFiles/CMakeTmp/src.cxx:3:59: 错误：‘exclusive_lock_function’属性指定被忽略 [-Werror=attributes]
   void Acquire() __attribute__((exclusive_lock_function()));
                                                           ^
/home/craboyang/code/leveldb-1.22/cmake-build-debug/CMakeFiles/CMakeTmp/src.cxx:4:51: 错误：‘unlock_function’属性指定被忽略 [-Werror=attributes]
   void Release() __attribute__((unlock_function()));
                                                   ^
/home/craboyang/code/leveldb-1.22/cmake-build-debug/CMakeFiles/CMakeTmp/src.cxx:8:46: 错误：‘guarded_by’属性指定被忽略 [-Werror=attributes]
   int data_ __attribute__((guarded_by(lock_)));
                                              ^
cc1plus：所有的警告都被当作是错误
make[1]: *** [CMakeFiles/cmTC_59ccf.dir/build.make:66：CMakeFiles/cmTC_59ccf.dir/src.cxx.o] 错误 1
make[1]: 离开目录“/home/craboyang/code/leveldb-1.22/cmake-build-debug/CMakeFiles/CMakeTmp”
make: *** [Makefile:121：cmTC_59ccf/fast] 错误 2

Source file was:

struct __attribute__((lockable)) Lock {
  void Acquire() __attribute__((exclusive_lock_function()));
  void Release() __attribute__((unlock_function()));
};
struct ThreadSafeType {
  Lock lock_;
  int data_ __attribute__((guarded_by(lock_)));
};
int main() { return 0; }

Determining if the pthread_create exist failed with the following output:
Change Dir: /home/craboyang/code/leveldb-1.22/cmake-build-debug/CMakeFiles/CMakeTmp

Run Build Command:"/usr/bin/make" "cmTC_4c655/fast"
/usr/bin/make -f CMakeFiles/cmTC_4c655.dir/build.make CMakeFiles/cmTC_4c655.dir/build
make[1]: 进入目录“/home/craboyang/code/leveldb-1.22/cmake-build-debug/CMakeFiles/CMakeTmp”
Building C object CMakeFiles/cmTC_4c655.dir/CheckSymbolExists.c.o
/usr/bin/gcc   -std=c11 -o CMakeFiles/cmTC_4c655.dir/CheckSymbolExists.c.o   -c /home/craboyang/code/leveldb-1.22/cmake-build-debug/CMakeFiles/CMakeTmp/CheckSymbolExists.c
Linking C executable cmTC_4c655
/usr/bin/cmake -E cmake_link_script CMakeFiles/cmTC_4c655.dir/link.txt --verbose=1
/usr/bin/gcc      CMakeFiles/cmTC_4c655.dir/CheckSymbolExists.c.o  -o cmTC_4c655 
/usr/bin/ld: CMakeFiles/cmTC_4c655.dir/CheckSymbolExists.c.o: in function `main':
CheckSymbolExists.c:(.text+0x1b): undefined reference to `pthread_create'
collect2: 错误：ld 返回 1
make[1]: *** [CMakeFiles/cmTC_4c655.dir/build.make:87：cmTC_4c655] 错误 1
make[1]: 离开目录“/home/craboyang/code/leveldb-1.22/cmake-build-debug/CMakeFiles/CMakeTmp”
make: *** [Makefile:121：cmTC_4c655/fast] 错误 2

File /home/craboyang/code/leveldb-1.22/cmake-build-debug/CMakeFiles/CMakeTmp/CheckSymbolExists.c:
/* */
#include <pthread.h>

int main(int argc, char** argv)
{
  (void)argv;
#ifndef pthread_create
  return ((int*)(&pthread_create))[argc];
#else
  (void)argc;
  return 0;
#endif
}

Determining if the function pthread_create exists in the pthreads failed with the following output:
Change Dir: /home/craboyang/code/leveldb-1.22/cmake-build-debug/CMakeFiles/CMakeTmp

Run Build Command:"/usr/bin/make" "cmTC_5249b/fast"
/usr/bin/make -f CMakeFiles/cmTC_5249b.dir/build.make CMakeFiles/cmTC_5249b.dir/build
make[1]: 进入目录“/home/craboyang/code/leveldb-1.22/cmake-build-debug/CMakeFiles/CMakeTmp”
Building C object CMakeFiles/cmTC_5249b.dir/CheckFunctionExists.c.o
/usr/bin/gcc   -DCHECK_FUNCTION_EXISTS=pthread_create   -std=c11 -o CMakeFiles/cmTC_5249b.dir/CheckFunctionExists.c.o   -c /usr/share/cmake-3.12/Modules/CheckFunctionExists.c
Linking C executable cmTC_5249b
/usr/bin/cmake -E cmake_link_script CMakeFiles/cmTC_5249b.dir/link.txt --verbose=1
/usr/bin/gcc  -DCHECK_FUNCTION_EXISTS=pthread_create    CMakeFiles/cmTC_5249b.dir/CheckFunctionExists.c.o  -o cmTC_5249b -lpthreads 
/usr/bin/ld: 找不到 -lpthreads
collect2: 错误：ld 返回 1
make[1]: *** [CMakeFiles/cmTC_5249b.dir/build.make:87：cmTC_5249b] 错误 1
make[1]: 离开目录“/home/craboyang/code/leveldb-1.22/cmake-build-debug/CMakeFiles/CMakeTmp”
make: *** [Makefile:121：cmTC_5249b/fast] 错误 2


Performing C++ SOURCE FILE Test HAVE_KYOTOCABINET failed with the following output:
Change Dir: /home/craboyang/code/leveldb-1.22/cmake-build-debug/CMakeFiles/CMakeTmp

Run Build Command:"/usr/bin/make" "cmTC_b8dd7/fast"
/usr/bin/make -f CMakeFiles/cmTC_b8dd7.dir/build.make CMakeFiles/cmTC_b8dd7.dir/build
make[1]: 进入目录“/home/craboyang/code/leveldb-1.22/cmake-build-debug/CMakeFiles/CMakeTmp”
Building CXX object CMakeFiles/cmTC_b8dd7.dir/src.cxx.o
/usr/bin/g++    -DHAVE_KYOTOCABINET   -std=c++11 -o CMakeFiles/cmTC_b8dd7.dir/src.cxx.o -c /home/craboyang/code/leveldb-1.22/cmake-build-debug/CMakeFiles/CMakeTmp/src.cxx
/home/craboyang/code/leveldb-1.22/cmake-build-debug/CMakeFiles/CMakeTmp/src.cxx:2:10: 致命错误：kcpolydb.h：没有那个文件或目录
 #include <kcpolydb.h>
          ^~~~~~~~~~~~
编译中断。
make[1]: *** [CMakeFiles/cmTC_b8dd7.dir/build.make:66：CMakeFiles/cmTC_b8dd7.dir/src.cxx.o] 错误 1
make[1]: 离开目录“/home/craboyang/code/leveldb-1.22/cmake-build-debug/CMakeFiles/CMakeTmp”
make: *** [Makefile:121：cmTC_b8dd7/fast] 错误 2

Source file was:

#include <kcpolydb.h>

int main() {
  kyotocabinet::TreeDB* db = new kyotocabinet::TreeDB();
  delete db;
  return 0;
}
  
